
*** Running vivado
    with args -log tlc_wrapper.vdi -applog -m64 -product Vivado -messageDb vivado.pb -mode batch -source tlc_wrapper.tcl -notrace


****** Vivado v2019.1 (64-bit)
  **** SW Build 2552052 on Fri May 24 14:49:42 MDT 2019
  **** IP Build 2548770 on Fri May 24 18:01:18 MDT 2019
    ** Copyright 1986-2019 Xilinx, Inc. All Rights Reserved.

source tlc_wrapper.tcl -notrace
INFO: [IP_Flow 19-234] Refreshing IP repositories
INFO: [IP_Flow 19-1704] No user IP repositories specified
INFO: [IP_Flow 19-2313] Loaded Vivado IP repository 'C:/Xilinx/Vivado/2019.1/data/ip'.
Command: link_design -top tlc_wrapper -part xc7z010clg400-1
Design is defaulting to srcset: sources_1
Design is defaulting to constrset: constrs_1
INFO: [Device 21-403] Loading part xc7z010clg400-1
INFO: [Netlist 29-17] Analyzing 31 Unisim elements for replacement
INFO: [Netlist 29-28] Unisim Transformation completed in 0 CPU seconds
INFO: [Project 1-479] Netlist was created with Vivado 2019.1
INFO: [Project 1-570] Preparing netlist for logic optimization
Parsing XDC File [c:/Users/hp/Documents/BIT/FPGA/ClassProject/tlc/tlc.srcs/sources_1/bd/tlc/ip/tlc_processing_system7_0_0/tlc_processing_system7_0_0.xdc] for cell 'tlc_i/processing_system7_0/inst'
Finished Parsing XDC File [c:/Users/hp/Documents/BIT/FPGA/ClassProject/tlc/tlc.srcs/sources_1/bd/tlc/ip/tlc_processing_system7_0_0/tlc_processing_system7_0_0.xdc] for cell 'tlc_i/processing_system7_0/inst'
Parsing XDC File [c:/Users/hp/Documents/BIT/FPGA/ClassProject/tlc/tlc.srcs/sources_1/bd/tlc/ip/tlc_axi_gpio_0_0/tlc_axi_gpio_0_0_board.xdc] for cell 'tlc_i/axi_gpio_0/U0'
Finished Parsing XDC File [c:/Users/hp/Documents/BIT/FPGA/ClassProject/tlc/tlc.srcs/sources_1/bd/tlc/ip/tlc_axi_gpio_0_0/tlc_axi_gpio_0_0_board.xdc] for cell 'tlc_i/axi_gpio_0/U0'
Parsing XDC File [c:/Users/hp/Documents/BIT/FPGA/ClassProject/tlc/tlc.srcs/sources_1/bd/tlc/ip/tlc_axi_gpio_0_0/tlc_axi_gpio_0_0.xdc] for cell 'tlc_i/axi_gpio_0/U0'
Finished Parsing XDC File [c:/Users/hp/Documents/BIT/FPGA/ClassProject/tlc/tlc.srcs/sources_1/bd/tlc/ip/tlc_axi_gpio_0_0/tlc_axi_gpio_0_0.xdc] for cell 'tlc_i/axi_gpio_0/U0'
Parsing XDC File [c:/Users/hp/Documents/BIT/FPGA/ClassProject/tlc/tlc.srcs/sources_1/bd/tlc/ip/tlc_rst_ps7_0_50M_0/tlc_rst_ps7_0_50M_0_board.xdc] for cell 'tlc_i/rst_ps7_0_50M/U0'
Finished Parsing XDC File [c:/Users/hp/Documents/BIT/FPGA/ClassProject/tlc/tlc.srcs/sources_1/bd/tlc/ip/tlc_rst_ps7_0_50M_0/tlc_rst_ps7_0_50M_0_board.xdc] for cell 'tlc_i/rst_ps7_0_50M/U0'
Parsing XDC File [c:/Users/hp/Documents/BIT/FPGA/ClassProject/tlc/tlc.srcs/sources_1/bd/tlc/ip/tlc_rst_ps7_0_50M_0/tlc_rst_ps7_0_50M_0.xdc] for cell 'tlc_i/rst_ps7_0_50M/U0'
Finished Parsing XDC File [c:/Users/hp/Documents/BIT/FPGA/ClassProject/tlc/tlc.srcs/sources_1/bd/tlc/ip/tlc_rst_ps7_0_50M_0/tlc_rst_ps7_0_50M_0.xdc] for cell 'tlc_i/rst_ps7_0_50M/U0'
Parsing XDC File [c:/Users/hp/Documents/BIT/FPGA/ClassProject/tlc/tlc.srcs/sources_1/bd/tlc/ip/tlc_axi_gpio_1_0/tlc_axi_gpio_1_0_board.xdc] for cell 'tlc_i/axi_gpio_1/U0'
Finished Parsing XDC File [c:/Users/hp/Documents/BIT/FPGA/ClassProject/tlc/tlc.srcs/sources_1/bd/tlc/ip/tlc_axi_gpio_1_0/tlc_axi_gpio_1_0_board.xdc] for cell 'tlc_i/axi_gpio_1/U0'
Parsing XDC File [c:/Users/hp/Documents/BIT/FPGA/ClassProject/tlc/tlc.srcs/sources_1/bd/tlc/ip/tlc_axi_gpio_1_0/tlc_axi_gpio_1_0.xdc] for cell 'tlc_i/axi_gpio_1/U0'
Finished Parsing XDC File [c:/Users/hp/Documents/BIT/FPGA/ClassProject/tlc/tlc.srcs/sources_1/bd/tlc/ip/tlc_axi_gpio_1_0/tlc_axi_gpio_1_0.xdc] for cell 'tlc_i/axi_gpio_1/U0'
Parsing XDC File [C:/Users/hp/Documents/BIT/FPGA/ClassProject/tlc/tlc.srcs/constrs_1/new/tlc.xdc]
Finished Parsing XDC File [C:/Users/hp/Documents/BIT/FPGA/ClassProject/tlc/tlc.srcs/constrs_1/new/tlc.xdc]
INFO: [Opt 31-138] Pushed 0 inverter(s) to 0 load pin(s).
Netlist sorting complete. Time (s): cpu = 00:00:00 ; elapsed = 00:00:00.001 . Memory (MB): peak = 787.016 ; gain = 0.000
INFO: [Project 1-111] Unisim Transformation Summary:
  A total of 13 instances were transformed.
  IOBUF => IOBUF (IBUF, OBUFT): 13 instances

10 Infos, 0 Warnings, 0 Critical Warnings and 0 Errors encountered.
link_design completed successfully
link_design: Time (s): cpu = 00:00:13 ; elapsed = 00:00:18 . Memory (MB): peak = 787.016 ; gain = 383.227
Command: opt_design
Attempting to get a license for feature 'Implementation' and/or device 'xc7z010'
INFO: [Common 17-349] Got license for feature 'Implementation' and/or device 'xc7z010'
Running DRC as a precondition to command opt_design

Starting DRC Task
INFO: [DRC 23-27] Running DRC with 2 threads
INFO: [Project 1-461] DRC finished with 0 Errors
INFO: [Project 1-462] Please refer to the DRC report (report_drc) for more information.

Time (s): cpu = 00:00:02 ; elapsed = 00:00:01 . Memory (MB): peak = 806.070 ; gain = 19.055

Starting Cache Timing Information Task
INFO: [Timing 38-35] Done setting XDC timing constraints.
Ending Cache Timing Information Task | Checksum: 85a1e4f9

Time (s): cpu = 00:00:13 ; elapsed = 00:00:14 . Memory (MB): peak = 1328.820 ; gain = 522.750

Starting Logic Optimization Task

Phase 1 Retarget
INFO: [Opt 31-138] Pushed 0 inverter(s) to 0 load pin(s).
INFO: [Opt 31-49] Retargeted 0 cell(s).
Phase 1 Retarget | Checksum: 17f13346d

Time (s): cpu = 00:00:00 ; elapsed = 00:00:01 . Memory (MB): peak = 1471.754 ; gain = 0.000
INFO: [Opt 31-389] Phase Retarget created 6 cells and removed 56 cells
INFO: [Opt 31-1021] In phase Retarget, 13 netlist objects are constrained preventing optimization. Please run opt_design with -debug_log to get more detail. 

Phase 2 Constant propagation
INFO: [Opt 31-138] Pushed 0 inverter(s) to 0 load pin(s).
Phase 2 Constant propagation | Checksum: 17f13346d

Time (s): cpu = 00:00:00 ; elapsed = 00:00:01 . Memory (MB): peak = 1471.754 ; gain = 0.000
INFO: [Opt 31-389] Phase Constant propagation created 0 cells and removed 0 cells

Phase 3 Sweep
Phase 3 Sweep | Checksum: c5971535

Time (s): cpu = 00:00:01 ; elapsed = 00:00:02 . Memory (MB): peak = 1471.754 ; gain = 0.000
INFO: [Opt 31-389] Phase Sweep created 0 cells and removed 191 cells

Phase 4 BUFG optimization
Phase 4 BUFG optimization | Checksum: c5971535

Time (s): cpu = 00:00:01 ; elapsed = 00:00:02 . Memory (MB): peak = 1471.754 ; gain = 0.000
INFO: [Opt 31-662] Phase BUFG optimization created 0 cells of which 0 are BUFGs and removed 0 cells.

Phase 5 Shift Register Optimization
INFO: [Opt 31-1064] SRL Remap converted 0 SRLs to 0 registers and converted 0 registers of register chains to 0 SRLs
Phase 5 Shift Register Optimization | Checksum: c5971535

Time (s): cpu = 00:00:01 ; elapsed = 00:00:02 . Memory (MB): peak = 1471.754 ; gain = 0.000
INFO: [Opt 31-389] Phase Shift Register Optimization created 0 cells and removed 0 cells

Phase 6 Post Processing Netlist
Phase 6 Post Processing Netlist | Checksum: c5971535

Time (s): cpu = 00:00:01 ; elapsed = 00:00:02 . Memory (MB): peak = 1471.754 ; gain = 0.000
INFO: [Opt 31-389] Phase Post Processing Netlist created 0 cells and removed 0 cells
Opt_design Change Summary
=========================


-------------------------------------------------------------------------------------------------------------------------
|  Phase                        |  #Cells created  |  #Cells Removed  |  #Constrained objects preventing optimizations  |
-------------------------------------------------------------------------------------------------------------------------
|  Retarget                     |               6  |              56  |                                             13  |
|  Constant propagation         |               0  |               0  |                                              0  |
|  Sweep                        |               0  |             191  |                                              0  |
|  BUFG optimization            |               0  |               0  |                                              0  |
|  Shift Register Optimization  |               0  |               0  |                                              0  |
|  Post Processing Netlist      |               0  |               0  |                                              0  |
-------------------------------------------------------------------------------------------------------------------------



Starting Connectivity Check Task

Time (s): cpu = 00:00:00 ; elapsed = 00:00:00.011 . Memory (MB): peak = 1471.754 ; gain = 0.000
Ending Logic Optimization Task | Checksum: 136b90519

Time (s): cpu = 00:00:01 ; elapsed = 00:00:03 . Memory (MB): peak = 1471.754 ; gain = 0.000

Starting Power Optimization Task
INFO: [Pwropt 34-132] Skipping clock gating for clocks with a period < 2.00 ns.
Ending Power Optimization Task | Checksum: 136b90519

Time (s): cpu = 00:00:00 ; elapsed = 00:00:00.140 . Memory (MB): peak = 1471.754 ; gain = 0.000

Starting Final Cleanup Task
Ending Final Cleanup Task | Checksum: 136b90519

Time (s): cpu = 00:00:00 ; elapsed = 00:00:00.001 . Memory (MB): peak = 1471.754 ; gain = 0.000

Starting Netlist Obfuscation Task
Netlist sorting complete. Time (s): cpu = 00:00:00 ; elapsed = 00:00:00.003 . Memory (MB): peak = 1471.754 ; gain = 0.000
Ending Netlist Obfuscation Task | Checksum: 136b90519

Time (s): cpu = 00:00:00 ; elapsed = 00:00:00.003 . Memory (MB): peak = 1471.754 ; gain = 0.000
INFO: [Common 17-83] Releasing license: Implementation
28 Infos, 0 Warnings, 0 Critical Warnings and 0 Errors encountered.
opt_design completed successfully
opt_design: Time (s): cpu = 00:00:20 ; elapsed = 00:00:21 . Memory (MB): peak = 1471.754 ; gain = 684.738
Netlist sorting complete. Time (s): cpu = 00:00:00 ; elapsed = 00:00:00.004 . Memory (MB): peak = 1471.754 ; gain = 0.000
Writing placer database...
INFO: [Timing 38-480] Writing timing data to binary archive.
Writing XDEF routing.
Writing XDEF routing logical nets.
Writing XDEF routing special nets.
Write XDEF Complete: Time (s): cpu = 00:00:01 ; elapsed = 00:00:00.287 . Memory (MB): peak = 1471.754 ; gain = 0.000
INFO: [Common 17-1381] The checkpoint 'C:/Users/hp/Documents/BIT/FPGA/ClassProject/tlc/tlc.runs/impl_1/tlc_wrapper_opt.dcp' has been generated.
INFO: [runtcl-4] Executing : report_drc -file tlc_wrapper_drc_opted.rpt -pb tlc_wrapper_drc_opted.pb -rpx tlc_wrapper_drc_opted.rpx
Command: report_drc -file tlc_wrapper_drc_opted.rpt -pb tlc_wrapper_drc_opted.pb -rpx tlc_wrapper_drc_opted.rpx
INFO: [IP_Flow 19-1839] IP Catalog is up to date.
INFO: [DRC 23-27] Running DRC with 2 threads
INFO: [Coretcl 2-168] The results of DRC are in file C:/Users/hp/Documents/BIT/FPGA/ClassProject/tlc/tlc.runs/impl_1/tlc_wrapper_drc_opted.rpt.
report_drc completed successfully
Command: place_design
Attempting to get a license for feature 'Implementation' and/or device 'xc7z010'
INFO: [Common 17-349] Got license for feature 'Implementation' and/or device 'xc7z010'
INFO: [DRC 23-27] Running DRC with 2 threads
INFO: [Vivado_Tcl 4-198] DRC finished with 0 Errors
INFO: [Vivado_Tcl 4-199] Please refer to the DRC report (report_drc) for more information.
Running DRC as a precondition to command place_design
INFO: [DRC 23-27] Running DRC with 2 threads
INFO: [Vivado_Tcl 4-198] DRC finished with 0 Errors
INFO: [Vivado_Tcl 4-199] Please refer to the DRC report (report_drc) for more information.

Starting Placer Task
INFO: [Place 30-611] Multithreading enabled for place_design using a maximum of 2 CPUs

Phase 1 Placer Initialization

Phase 1.1 Placer Initialization Netlist Sorting
Netlist sorting complete. Time (s): cpu = 00:00:00 ; elapsed = 00:00:00.003 . Memory (MB): peak = 1471.754 ; gain = 0.000
Phase 1.1 Placer Initialization Netlist Sorting | Checksum: dd3b96e8

Time (s): cpu = 00:00:00 ; elapsed = 00:00:00.528 . Memory (MB): peak = 1471.754 ; gain = 0.000
Netlist sorting complete. Time (s): cpu = 00:00:00 ; elapsed = 00:00:00.002 . Memory (MB): peak = 1471.754 ; gain = 0.000

Phase 1.2 IO Placement/ Clock Placement/ Build Placer Device
INFO: [Timing 38-35] Done setting XDC timing constraints.
Phase 1.2 IO Placement/ Clock Placement/ Build Placer Device | Checksum: cb3aa6fb

Time (s): cpu = 00:00:02 ; elapsed = 00:00:06 . Memory (MB): peak = 1471.754 ; gain = 0.000

Phase 1.3 Build Placer Netlist Model
Phase 1.3 Build Placer Netlist Model | Checksum: 1348d663d

Time (s): cpu = 00:00:03 ; elapsed = 00:00:08 . Memory (MB): peak = 1471.754 ; gain = 0.000

Phase 1.4 Constrain Clocks/Macros
Phase 1.4 Constrain Clocks/Macros | Checksum: 1348d663d

Time (s): cpu = 00:00:03 ; elapsed = 00:00:08 . Memory (MB): peak = 1471.754 ; gain = 0.000
Phase 1 Placer Initialization | Checksum: 1348d663d

Time (s): cpu = 00:00:03 ; elapsed = 00:00:09 . Memory (MB): peak = 1471.754 ; gain = 0.000

Phase 2 Global Placement

Phase 2.1 Floorplanning
Phase 2.1 Floorplanning | Checksum: 135fdc357

Time (s): cpu = 00:00:03 ; elapsed = 00:00:09 . Memory (MB): peak = 1471.754 ; gain = 0.000

Phase 2.2 Global Placement Core

Phase 2.2.1 Physical Synthesis In Placer
INFO: [Physopt 32-65] No nets found for high-fanout optimization.
INFO: [Physopt 32-232] Optimized 0 net. Created 0 new instance.
INFO: [Physopt 32-775] End 1 Pass. Optimized 0 net or cell. Created 0 new cell, deleted 0 existing cell and moved 0 existing cell
INFO: [Physopt 32-670] No setup violation found.  DSP Register Optimization was not performed.
INFO: [Physopt 32-670] No setup violation found.  Shift Register Optimization was not performed.
INFO: [Physopt 32-670] No setup violation found.  BRAM Register Optimization was not performed.
INFO: [Physopt 32-949] No candidate nets found for HD net replication
INFO: [Physopt 32-775] End 1 Pass. Optimized 0 net or cell. Created 0 new cell, deleted 0 existing cell and moved 0 existing cell
Netlist sorting complete. Time (s): cpu = 00:00:00 ; elapsed = 00:00:00.001 . Memory (MB): peak = 1471.754 ; gain = 0.000

Summary of Physical Synthesis Optimizations
============================================


----------------------------------------------------------------------------------------------------------------------------------------
|  Optimization                  |  Added Cells  |  Removed Cells  |  Optimized Cells/Nets  |  Dont Touch  |  Iterations  |  Elapsed   |
----------------------------------------------------------------------------------------------------------------------------------------
|  Very High Fanout              |            0  |              0  |                     0  |           0  |           1  |  00:00:00  |
|  DSP Register                  |            0  |              0  |                     0  |           0  |           0  |  00:00:00  |
|  Shift Register                |            0  |              0  |                     0  |           0  |           0  |  00:00:00  |
|  BRAM Register                 |            0  |              0  |                     0  |           0  |           0  |  00:00:00  |
|  HD Interface Net Replication  |            0  |              0  |                     0  |           0  |           1  |  00:00:00  |
|  Total                         |            0  |              0  |                     0  |           0  |           2  |  00:00:00  |
----------------------------------------------------------------------------------------------------------------------------------------


Phase 2.2.1 Physical Synthesis In Placer | Checksum: 111583ad8

Time (s): cpu = 00:00:08 ; elapsed = 00:00:12 . Memory (MB): peak = 1471.754 ; gain = 0.000
Phase 2.2 Global Placement Core | Checksum: 17612b7a9

Time (s): cpu = 00:00:08 ; elapsed = 00:00:13 . Memory (MB): peak = 1471.754 ; gain = 0.000
Phase 2 Global Placement | Checksum: 17612b7a9

Time (s): cpu = 00:00:08 ; elapsed = 00:00:13 . Memory (MB): peak = 1471.754 ; gain = 0.000

Phase 3 Detail Placement

Phase 3.1 Commit Multi Column Macros
Phase 3.1 Commit Multi Column Macros | Checksum: 117cb6b3a

Time (s): cpu = 00:00:08 ; elapsed = 00:00:13 . Memory (MB): peak = 1471.754 ; gain = 0.000

Phase 3.2 Commit Most Macros & LUTRAMs
Phase 3.2 Commit Most Macros & LUTRAMs | Checksum: 15fa6764a

Time (s): cpu = 00:00:09 ; elapsed = 00:00:13 . Memory (MB): peak = 1471.754 ; gain = 0.000

Phase 3.3 Area Swap Optimization
Phase 3.3 Area Swap Optimization | Checksum: 2207024e1

Time (s): cpu = 00:00:09 ; elapsed = 00:00:13 . Memory (MB): peak = 1471.754 ; gain = 0.000

Phase 3.4 Pipeline Register Optimization
Phase 3.4 Pipeline Register Optimization | Checksum: 1f243fb9f

Time (s): cpu = 00:00:09 ; elapsed = 00:00:13 . Memory (MB): peak = 1471.754 ; gain = 0.000

Phase 3.5 Small Shape Detail Placement
Phase 3.5 Small Shape Detail Placement | Checksum: bb55c2e9

Time (s): cpu = 00:00:10 ; elapsed = 00:00:14 . Memory (MB): peak = 1471.754 ; gain = 0.000

Phase 3.6 Re-assign LUT pins
Phase 3.6 Re-assign LUT pins | Checksum: 16135d82c

Time (s): cpu = 00:00:10 ; elapsed = 00:00:15 . Memory (MB): peak = 1471.754 ; gain = 0.000

Phase 3.7 Pipeline Register Optimization
Phase 3.7 Pipeline Register Optimization | Checksum: 14eea6e6e

Time (s): cpu = 00:00:10 ; elapsed = 00:00:15 . Memory (MB): peak = 1471.754 ; gain = 0.000
Phase 3 Detail Placement | Checksum: 14eea6e6e

Time (s): cpu = 00:00:10 ; elapsed = 00:00:15 . Memory (MB): peak = 1471.754 ; gain = 0.000

Phase 4 Post Placement Optimization and Clean-Up

Phase 4.1 Post Commit Optimization
INFO: [Timing 38-35] Done setting XDC timing constraints.

Phase 4.1.1 Post Placement Optimization
Post Placement Optimization Initialization | Checksum: 1ad666690

Phase 4.1.1.1 BUFG Insertion
INFO: [Place 46-56] BUFG insertion identified 0 candidate nets. Inserted BUFG: 0, Replicated BUFG Driver: 0, Skipped due to Placement/Routing Conflicts: 0, Skipped due to Timing Degradation: 0, Skipped due to Illegal Netlist: 0.
Phase 4.1.1.1 BUFG Insertion | Checksum: 1ad666690

Time (s): cpu = 00:00:11 ; elapsed = 00:00:15 . Memory (MB): peak = 1479.406 ; gain = 7.652
INFO: [Place 30-746] Post Placement Timing Summary WNS=13.133. For the most accurate timing information please run report_timing.
Phase 4.1.1 Post Placement Optimization | Checksum: 1cd69d372

Time (s): cpu = 00:00:11 ; elapsed = 00:00:15 . Memory (MB): peak = 1479.406 ; gain = 7.652
Phase 4.1 Post Commit Optimization | Checksum: 1cd69d372

Time (s): cpu = 00:00:11 ; elapsed = 00:00:15 . Memory (MB): peak = 1479.406 ; gain = 7.652

Phase 4.2 Post Placement Cleanup
Phase 4.2 Post Placement Cleanup | Checksum: 1cd69d372

Time (s): cpu = 00:00:11 ; elapsed = 00:00:16 . Memory (MB): peak = 1479.406 ; gain = 7.652

Phase 4.3 Placer Reporting
Phase 4.3 Placer Reporting | Checksum: 1cd69d372

Time (s): cpu = 00:00:11 ; elapsed = 00:00:16 . Memory (MB): peak = 1479.406 ; gain = 7.652

Phase 4.4 Final Placement Cleanup
Netlist sorting complete. Time (s): cpu = 00:00:00 ; elapsed = 00:00:00.002 . Memory (MB): peak = 1479.406 ; gain = 0.000
Phase 4.4 Final Placement Cleanup | Checksum: 1c9d4272d

Time (s): cpu = 00:00:11 ; elapsed = 00:00:16 . Memory (MB): peak = 1479.406 ; gain = 7.652
Phase 4 Post Placement Optimization and Clean-Up | Checksum: 1c9d4272d

Time (s): cpu = 00:00:11 ; elapsed = 00:00:16 . Memory (MB): peak = 1479.406 ; gain = 7.652
Ending Placer Task | Checksum: e3bd214d

Time (s): cpu = 00:00:11 ; elapsed = 00:00:16 . Memory (MB): peak = 1479.406 ; gain = 7.652
INFO: [Common 17-83] Releasing license: Implementation
55 Infos, 0 Warnings, 0 Critical Warnings and 0 Errors encountered.
place_design completed successfully
place_design: Time (s): cpu = 00:00:14 ; elapsed = 00:00:19 . Memory (MB): peak = 1479.406 ; gain = 7.652
Netlist sorting complete. Time (s): cpu = 00:00:00 ; elapsed = 00:00:00.001 . Memory (MB): peak = 1479.406 ; gain = 0.000
INFO: [Timing 38-480] Writing timing data to binary archive.
Writing placer database...
Writing XDEF routing.
Writing XDEF routing logical nets.
Writing XDEF routing special nets.
Write XDEF Complete: Time (s): cpu = 00:00:01 ; elapsed = 00:00:00.497 . Memory (MB): peak = 1480.418 ; gain = 1.012
INFO: [Common 17-1381] The checkpoint 'C:/Users/hp/Documents/BIT/FPGA/ClassProject/tlc/tlc.runs/impl_1/tlc_wrapper_placed.dcp' has been generated.
INFO: [runtcl-4] Executing : report_io -file tlc_wrapper_io_placed.rpt
report_io: Time (s): cpu = 00:00:00 ; elapsed = 00:00:00.188 . Memory (MB): peak = 1480.418 ; gain = 0.000
INFO: [runtcl-4] Executing : report_utilization -file tlc_wrapper_utilization_placed.rpt -pb tlc_wrapper_utilization_placed.pb
INFO: [runtcl-4] Executing : report_control_sets -verbose -file tlc_wrapper_control_sets_placed.rpt
report_control_sets: Time (s): cpu = 00:00:00 ; elapsed = 00:00:00.065 . Memory (MB): peak = 1480.418 ; gain = 0.000
Command: route_design
Attempting to get a license for feature 'Implementation' and/or device 'xc7z010'
INFO: [Common 17-349] Got license for feature 'Implementation' and/or device 'xc7z010'
Running DRC as a precondition to command route_design
INFO: [DRC 23-27] Running DRC with 2 threads
INFO: [Vivado_Tcl 4-198] DRC finished with 0 Errors
INFO: [Vivado_Tcl 4-199] Please refer to the DRC report (report_drc) for more information.


Starting Routing Task
INFO: [Route 35-254] Multithreading enabled for route_design using a maximum of 2 CPUs
Checksum: PlaceDB: c9e43da9 ConstDB: 0 ShapeSum: 19d8e3a4 RouteDB: 0

Phase 1 Build RT Design
Phase 1 Build RT Design | Checksum: b3019611

Time (s): cpu = 00:00:21 ; elapsed = 00:00:20 . Memory (MB): peak = 1523.762 ; gain = 28.813
Post Restoration Checksum: NetGraph: a77267a9 NumContArr: b8f2e68 Constraints: 0 Timing: 0

Phase 2 Router Initialization

Phase 2.1 Create Timer
Phase 2.1 Create Timer | Checksum: b3019611

Time (s): cpu = 00:00:21 ; elapsed = 00:00:20 . Memory (MB): peak = 1549.977 ; gain = 55.027

Phase 2.2 Fix Topology Constraints
Phase 2.2 Fix Topology Constraints | Checksum: b3019611

Time (s): cpu = 00:00:21 ; elapsed = 00:00:20 . Memory (MB): peak = 1556.570 ; gain = 61.621

Phase 2.3 Pre Route Cleanup
Phase 2.3 Pre Route Cleanup | Checksum: b3019611

Time (s): cpu = 00:00:21 ; elapsed = 00:00:20 . Memory (MB): peak = 1556.570 ; gain = 61.621
 Number of Nodes with overlaps = 0

Phase 2.4 Update Timing
Phase 2.4 Update Timing | Checksum: 17d70ce67

Time (s): cpu = 00:00:22 ; elapsed = 00:00:21 . Memory (MB): peak = 1563.266 ; gain = 68.316
INFO: [Route 35-416] Intermediate Timing Summary | WNS=13.250 | TNS=0.000  | WHS=-0.240 | THS=-22.883|

Phase 2 Router Initialization | Checksum: 145de01ef

Time (s): cpu = 00:00:23 ; elapsed = 00:00:21 . Memory (MB): peak = 1564.449 ; gain = 69.500

Router Utilization Summary
  Global Vertical Routing Utilization    = 0 %
  Global Horizontal Routing Utilization  = 0 %
  Routable Net Status*
  *Does not include unroutable nets such as driverless and loadless.
  Run report_route_status for detailed report.
  Number of Failed Nets               = 1546
    (Failed Nets is the sum of unrouted and partially routed nets)
  Number of Unrouted Nets             = 1546
  Number of Partially Routed Nets     = 0
  Number of Node Overlaps             = 0


Phase 3 Initial Routing
Phase 3 Initial Routing | Checksum: 7fed2087

Time (s): cpu = 00:00:23 ; elapsed = 00:00:22 . Memory (MB): peak = 1564.813 ; gain = 69.863

Phase 4 Rip-up And Reroute

Phase 4.1 Global Iteration 0
 Number of Nodes with overlaps = 105
 Number of Nodes with overlaps = 0
INFO: [Route 35-416] Intermediate Timing Summary | WNS=13.402 | TNS=0.000  | WHS=N/A    | THS=N/A    |

Phase 4.1 Global Iteration 0 | Checksum: 1ca223ff5

Time (s): cpu = 00:00:24 ; elapsed = 00:00:22 . Memory (MB): peak = 1564.816 ; gain = 69.867

Phase 4.2 Global Iteration 1
 Number of Nodes with overlaps = 3
 Number of Nodes with overlaps = 0
INFO: [Route 35-416] Intermediate Timing Summary | WNS=13.402 | TNS=0.000  | WHS=N/A    | THS=N/A    |

Phase 4.2 Global Iteration 1 | Checksum: 168b546d3

Time (s): cpu = 00:00:24 ; elapsed = 00:00:22 . Memory (MB): peak = 1564.816 ; gain = 69.867
Phase 4 Rip-up And Reroute | Checksum: 168b546d3

Time (s): cpu = 00:00:24 ; elapsed = 00:00:23 . Memory (MB): peak = 1564.816 ; gain = 69.867

Phase 5 Delay and Skew Optimization

Phase 5.1 Delay CleanUp
Phase 5.1 Delay CleanUp | Checksum: 168b546d3

Time (s): cpu = 00:00:24 ; elapsed = 00:00:23 . Memory (MB): peak = 1564.816 ; gain = 69.867

Phase 5.2 Clock Skew Optimization
Phase 5.2 Clock Skew Optimization | Checksum: 168b546d3

Time (s): cpu = 00:00:24 ; elapsed = 00:00:23 . Memory (MB): peak = 1564.816 ; gain = 69.867
Phase 5 Delay and Skew Optimization | Checksum: 168b546d3

Time (s): cpu = 00:00:24 ; elapsed = 00:00:23 . Memory (MB): peak = 1564.816 ; gain = 69.867

Phase 6 Post Hold Fix

Phase 6.1 Hold Fix Iter

Phase 6.1.1 Update Timing
Phase 6.1.1 Update Timing | Checksum: 22acd6d2f

Time (s): cpu = 00:00:24 ; elapsed = 00:00:23 . Memory (MB): peak = 1564.816 ; gain = 69.867
INFO: [Route 35-416] Intermediate Timing Summary | WNS=13.402 | TNS=0.000  | WHS=0.006  | THS=0.000  |

Phase 6.1 Hold Fix Iter | Checksum: 1a6e12563

Time (s): cpu = 00:00:24 ; elapsed = 00:00:23 . Memory (MB): peak = 1564.816 ; gain = 69.867
Phase 6 Post Hold Fix | Checksum: 1a6e12563

Time (s): cpu = 00:00:24 ; elapsed = 00:00:23 . Memory (MB): peak = 1564.816 ; gain = 69.867

Phase 7 Route finalize

Router Utilization Summary
  Global Vertical Routing Utilization    = 0.524775 %
  Global Horizontal Routing Utilization  = 0.801241 %
  Routable Net Status*
  *Does not include unroutable nets such as driverless and loadless.
  Run report_route_status for detailed report.
  Number of Failed Nets               = 0
    (Failed Nets is the sum of unrouted and partially routed nets)
  Number of Unrouted Nets             = 0
  Number of Partially Routed Nets     = 0
  Number of Node Overlaps             = 0

Phase 7 Route finalize | Checksum: 1c73efbaa

Time (s): cpu = 00:00:25 ; elapsed = 00:00:23 . Memory (MB): peak = 1564.816 ; gain = 69.867

Phase 8 Verifying routed nets

 Verification completed successfully
Phase 8 Verifying routed nets | Checksum: 1c73efbaa

Time (s): cpu = 00:00:25 ; elapsed = 00:00:23 . Memory (MB): peak = 1566.824 ; gain = 71.875

Phase 9 Depositing Routes
Phase 9 Depositing Routes | Checksum: 24c39f55e

Time (s): cpu = 00:00:25 ; elapsed = 00:00:23 . Memory (MB): peak = 1566.824 ; gain = 71.875

Phase 10 Post Router Timing
INFO: [Route 35-57] Estimated Timing Summary | WNS=13.402 | TNS=0.000  | WHS=0.006  | THS=0.000  |

INFO: [Route 35-327] The final timing numbers are based on the router estimated timing analysis. For a complete and accurate timing signoff, please run report_timing_summary.
Phase 10 Post Router Timing | Checksum: 24c39f55e

Time (s): cpu = 00:00:25 ; elapsed = 00:00:23 . Memory (MB): peak = 1566.824 ; gain = 71.875
INFO: [Route 35-16] Router Completed Successfully

Time (s): cpu = 00:00:25 ; elapsed = 00:00:23 . Memory (MB): peak = 1566.824 ; gain = 71.875

Routing Is Done.
INFO: [Common 17-83] Releasing license: Implementation
73 Infos, 0 Warnings, 0 Critical Warnings and 0 Errors encountered.
route_design completed successfully
route_design: Time (s): cpu = 00:00:29 ; elapsed = 00:00:25 . Memory (MB): peak = 1566.824 ; gain = 86.406
Netlist sorting complete. Time (s): cpu = 00:00:00 ; elapsed = 00:00:00.002 . Memory (MB): peak = 1566.824 ; gain = 0.000
INFO: [Timing 38-480] Writing timing data to binary archive.
Writing placer database...
Writing XDEF routing.
Writing XDEF routing logical nets.
Writing XDEF routing special nets.
Write XDEF Complete: Time (s): cpu = 00:00:02 ; elapsed = 00:00:00.680 . Memory (MB): peak = 1577.461 ; gain = 10.637
INFO: [Common 17-1381] The checkpoint 'C:/Users/hp/Documents/BIT/FPGA/ClassProject/tlc/tlc.runs/impl_1/tlc_wrapper_routed.dcp' has been generated.
INFO: [runtcl-4] Executing : report_drc -file tlc_wrapper_drc_routed.rpt -pb tlc_wrapper_drc_routed.pb -rpx tlc_wrapper_drc_routed.rpx
Command: report_drc -file tlc_wrapper_drc_routed.rpt -pb tlc_wrapper_drc_routed.pb -rpx tlc_wrapper_drc_routed.rpx
INFO: [IP_Flow 19-1839] IP Catalog is up to date.
INFO: [DRC 23-27] Running DRC with 2 threads
INFO: [Coretcl 2-168] The results of DRC are in file C:/Users/hp/Documents/BIT/FPGA/ClassProject/tlc/tlc.runs/impl_1/tlc_wrapper_drc_routed.rpt.
report_drc completed successfully
INFO: [runtcl-4] Executing : report_methodology -file tlc_wrapper_methodology_drc_routed.rpt -pb tlc_wrapper_methodology_drc_routed.pb -rpx tlc_wrapper_methodology_drc_routed.rpx
Command: report_methodology -file tlc_wrapper_methodology_drc_routed.rpt -pb tlc_wrapper_methodology_drc_routed.pb -rpx tlc_wrapper_methodology_drc_routed.rpx
INFO: [Timing 38-35] Done setting XDC timing constraints.
INFO: [DRC 23-133] Running Methodology with 2 threads
INFO: [Coretcl 2-1520] The results of Report Methodology are in file C:/Users/hp/Documents/BIT/FPGA/ClassProject/tlc/tlc.runs/impl_1/tlc_wrapper_methodology_drc_routed.rpt.
report_methodology completed successfully
INFO: [runtcl-4] Executing : report_power -file tlc_wrapper_power_routed.rpt -pb tlc_wrapper_power_summary_routed.pb -rpx tlc_wrapper_power_routed.rpx
Command: report_power -file tlc_wrapper_power_routed.rpt -pb tlc_wrapper_power_summary_routed.pb -rpx tlc_wrapper_power_routed.rpx
INFO: [Timing 38-35] Done setting XDC timing constraints.
Running Vector-less Activity Propagation...

Finished Running Vector-less Activity Propagation
85 Infos, 0 Warnings, 0 Critical Warnings and 0 Errors encountered.
report_power completed successfully
INFO: [runtcl-4] Executing : report_route_status -file tlc_wrapper_route_status.rpt -pb tlc_wrapper_route_status.pb
INFO: [runtcl-4] Executing : report_timing_summary -max_paths 10 -file tlc_wrapper_timing_summary_routed.rpt -pb tlc_wrapper_timing_summary_routed.pb -rpx tlc_wrapper_timing_summary_routed.rpx -warn_on_violation 
INFO: [Timing 38-91] UpdateTimingParams: Speed grade: -1, Delay Type: min_max.
INFO: [Timing 38-191] Multithreading enabled for timing update using a maximum of 2 CPUs
INFO: [runtcl-4] Executing : report_incremental_reuse -file tlc_wrapper_incremental_reuse_routed.rpt
INFO: [Vivado_Tcl 4-1062] Incremental flow is disabled. No incremental reuse Info to report.
INFO: [runtcl-4] Executing : report_clock_utilization -file tlc_wrapper_clock_utilization_routed.rpt
INFO: [runtcl-4] Executing : report_bus_skew -warn_on_violation -file tlc_wrapper_bus_skew_routed.rpt -pb tlc_wrapper_bus_skew_routed.pb -rpx tlc_wrapper_bus_skew_routed.rpx
INFO: [Timing 38-91] UpdateTimingParams: Speed grade: -1, Delay Type: min_max.
INFO: [Timing 38-191] Multithreading enabled for timing update using a maximum of 2 CPUs
Command: write_bitstream -force tlc_wrapper.bit
Attempting to get a license for feature 'Implementation' and/or device 'xc7z010'
INFO: [Common 17-349] Got license for feature 'Implementation' and/or device 'xc7z010'
Running DRC as a precondition to command write_bitstream
INFO: [IP_Flow 19-1839] IP Catalog is up to date.
INFO: [DRC 23-27] Running DRC with 2 threads
INFO: [Vivado 12-3199] DRC finished with 0 Errors
INFO: [Vivado 12-3200] Please refer to the DRC report (report_drc) for more information.
INFO: [Designutils 20-2272] Running write_bitstream with 2 threads.
Loading data files...
Loading site data...
Loading route data...
Processing options...
Creating bitmap...
Creating bitstream...
Writing bitstream ./tlc_wrapper.bit...
INFO: [Vivado 12-1842] Bitgen Completed Successfully.
INFO: [Project 1-120] WebTalk data collection is mandatory when using a WebPACK part without a full Vivado license. To see the specific WebTalk data collected for your design, open the usage_statistics_webtalk.html or usage_statistics_webtalk.xml file in the implementation directory.
INFO: [Common 17-186] 'C:/Users/hp/Documents/BIT/FPGA/ClassProject/tlc/tlc.runs/impl_1/usage_statistics_webtalk.xml' has been successfully sent to Xilinx on Sun Jun 21 11:04:57 2020. For additional details about this file, please refer to the WebTalk help file at C:/Xilinx/Vivado/2019.1/doc/webtalk_introduction.html.
INFO: [Common 17-83] Releasing license: Implementation
105 Infos, 0 Warnings, 0 Critical Warnings and 0 Errors encountered.
write_bitstream completed successfully
write_bitstream: Time (s): cpu = 00:00:22 ; elapsed = 00:00:46 . Memory (MB): peak = 2010.223 ; gain = 407.465
INFO: [Common 17-206] Exiting Vivado at Sun Jun 21 11:04:58 2020...
